<?xml version="1.0" encoding="UTF-8"?>
<testsuite name="A new user account can be created if a proper unused username and password are given" tests="4" skipped="0" failures="0" errors="0" timestamp="2020-11-16T21:53:04" hostname="lx9-fuxi022" time="0.221">
  <properties/>
  <testcase name="creation is successful with valid username and password" classname="A new user account can be created if a proper unused username and password are given" time="0.065"/>
  <testcase name="creation fails with too short username and valid password" classname="A new user account can be created if a proper unused username and password are given" time="0.058"/>
  <testcase name="creation fails with correct username and too short password" classname="A new user account can be created if a proper unused username and password are given" time="0.049"/>
  <testcase name="creation fails when password and password confirmation do not match" classname="A new user account can be created if a proper unused username and password are given" time="0.049"/>
  <system-out><![CDATA[
Scenario: creation is successful with valid username and password                                                   ?[90m# src/test/resources/ohtu/registering.feature:3?[0m
  ?[32mGiven ?[0m?[32mcommand new user is selected?[0m                                                                                ?[90m# ohtu.Stepdefs.newUserSelected()?[0m
  ?[32mWhen ?[0m?[32ma valid username ?[0m?[32m?[1m"liisa"?[0m?[32m and password ?[0m?[32m?[1m"salainen1"?[0m?[32m and matching password confirmation ?[0m?[32m?[1m"salainen1"?[0m?[32m are entered?[0m ?[90m# ohtu.Stepdefs.validNewUserEntered(java.lang.String,java.lang.String,java.lang.String)?[0m
  ?[32mThen ?[0m?[32ma new user is created?[0m                                                                                        ?[90m# ohtu.Stepdefs.newUserIsCreated()?[0m

Scenario: creation fails with too short username and valid password                                                 ?[90m# src/test/resources/ohtu/registering.feature:8?[0m
  ?[32mGiven ?[0m?[32mcommand new user is selected?[0m                                                                                ?[90m# ohtu.Stepdefs.newUserSelected()?[0m
  ?[32mWhen ?[0m?[32ma too short username ?[0m?[32m?[1m"s"?[0m?[32m and password ?[0m?[32m?[1m"salainen1"?[0m?[32m and matching password confirmation ?[0m?[32m?[1m"salainen1"?[0m?[32m are entered?[0m ?[90m# ohtu.Stepdefs.tooShortUsernameEntered(java.lang.String,java.lang.String,java.lang.String)?[0m
  ?[32mThen ?[0m?[32muser is not created and error ?[0m?[32m?[1m"username should have at least 3 characters"?[0m?[32m is reported?[0m                       ?[90m# ohtu.Stepdefs.registrationFailed(java.lang.String)?[0m

Scenario: creation fails with correct username and too short password                                                ?[90m# src/test/resources/ohtu/registering.feature:13?[0m
  ?[32mGiven ?[0m?[32mcommand new user is selected?[0m                                                                                 ?[90m# ohtu.Stepdefs.newUserSelected()?[0m
  ?[32mWhen ?[0m?[32ma valid username ?[0m?[32m?[1m"tunnukseni"?[0m?[32m and a too short password ?[0m?[32m?[1m"s"?[0m?[32m and matching password confirmation ?[0m?[32m?[1m"s"?[0m?[32m are entered?[0m ?[90m# ohtu.Stepdefs.tooShortPasswordEntered(java.lang.String,java.lang.String,java.lang.String)?[0m
  ?[32mThen ?[0m?[32muser is not created and error ?[0m?[32m?[1m"password should have at least 8 characters"?[0m?[32m is reported?[0m                        ?[90m# ohtu.Stepdefs.registrationFailed(java.lang.String)?[0m

Scenario: creation fails when password and password confirmation do not match                                       ?[90m# src/test/resources/ohtu/registering.feature:18?[0m
  ?[32mGiven ?[0m?[32mcommand new user is selected?[0m                                                                                ?[90m# ohtu.Stepdefs.newUserSelected()?[0m
  ?[32mWhen ?[0m?[32ma username ?[0m?[32m?[1m"moonika"?[0m?[32m and password ?[0m?[32m?[1m"salainen1"?[0m?[32m and non-matching confirmation password ?[0m?[32m?[1m"salainen2"?[0m?[32m are entered?[0m ?[90m# ohtu.Stepdefs.nonmatchingConfirmationPassword(java.lang.String,java.lang.String,java.lang.String)?[0m
  ?[32mThen ?[0m?[32muser is not created and error ?[0m?[32m?[1m"password and password confirmation do not match"?[0m?[32m is reported?[0m                  ?[90m# ohtu.Stepdefs.registrationFailed(java.lang.String)?[0m
]]></system-out>
  <system-err><![CDATA[]]></system-err>
</testsuite>
