<?xml version="1.0" encoding="UTF-8"?>
<testsuite name="ohtuesimerkki.StatisticsTest" tests="4" skipped="0" failures="0" errors="0" timestamp="2020-11-02T18:17:45" hostname="lx9-fuxi022" time="0.007">
  <properties/>
  <testcase name="searchLoytaa" classname="ohtuesimerkki.StatisticsTest" time="0.005"/>
  <testcase name="topScorersPalauttaaOikeat" classname="ohtuesimerkki.StatisticsTest" time="0.0"/>
  <testcase name="searchEiLoydaMitaan" classname="ohtuesimerkki.StatisticsTest" time="0.0"/>
  <testcase name="teamPalauttaaOikeat" classname="ohtuesimerkki.StatisticsTest" time="0.001"/>
  <system-out><![CDATA[]]></system-out>
  <system-err><![CDATA[]]></system-err>
</testsuite>
