<?xml version="1.0" encoding="UTF-8"?>
<testsuite name="A new user account can be created if a proper unused username and password are given" tests="6" skipped="0" failures="0" errors="0" timestamp="2020-11-16T18:58:44" hostname="lx9-fuxi022" time="0.024">
  <properties/>
  <testcase name="creation is successful with valid username and password" classname="A new user account can be created if a proper unused username and password are given" time="0.004"/>
  <testcase name="creation fails with already taken username and valid password" classname="A new user account can be created if a proper unused username and password are given" time="0.003"/>
  <testcase name="creation fails with too short username and valid password" classname="A new user account can be created if a proper unused username and password are given" time="0.005"/>
  <testcase name="creation fails with valid username and too short password" classname="A new user account can be created if a proper unused username and password are given" time="0.003"/>
  <testcase name="creation fails with valid username and password long enough but consisting of only letters" classname="A new user account can be created if a proper unused username and password are given" time="0.003"/>
  <testcase name="can login with successfully generated account" classname="A new user account can be created if a proper unused username and password are given" time="0.004"/>
  <system-out><![CDATA[
Scenario: creation is successful with valid username and password ?[90m# src/test/resources/ohtu/new_user.feature:3?[0m
  ?[32mGiven ?[0m?[32mcommand new is selected?[0m                                   ?[90m# ohtu.Stepdefs.commandNewSelected()?[0m
  ?[32mWhen ?[0m?[32musername ?[0m?[32m?[1m"sampo"?[0m?[32m and password ?[0m?[32m?[1m"peppi2000"?[0m?[32m are entered?[0m      ?[90m# ohtu.Stepdefs.usernameAndPasswordAreEntered(java.lang.String,java.lang.String)?[0m
  ?[32mThen ?[0m?[32msystem will respond with ?[0m?[32m?[1m"new user registered"?[0m             ?[90m# ohtu.Stepdefs.systemWillRespondWith(java.lang.String)?[0m

Scenario: creation fails with already taken username and valid password ?[90m# src/test/resources/ohtu/new_user.feature:8?[0m
  ?[32mGiven ?[0m?[32mcommand new is selected?[0m                                         ?[90m# ohtu.Stepdefs.commandNewSelected()?[0m
  ?[32mWhen ?[0m?[32musername ?[0m?[32m?[1m"pekka"?[0m?[32m and password ?[0m?[32m?[1m"asdf12345"?[0m?[32m are entered?[0m            ?[90m# ohtu.Stepdefs.usernameAndPasswordAreEntered(java.lang.String,java.lang.String)?[0m
  ?[32mThen ?[0m?[32msystem will respond with ?[0m?[32m?[1m"new user not registered"?[0m               ?[90m# ohtu.Stepdefs.systemWillRespondWith(java.lang.String)?[0m

Scenario: creation fails with too short username and valid password ?[90m# src/test/resources/ohtu/new_user.feature:13?[0m
  ?[32mGiven ?[0m?[32mcommand new is selected?[0m                                     ?[90m# ohtu.Stepdefs.commandNewSelected()?[0m
  ?[32mWhen ?[0m?[32musername ?[0m?[32m?[1m"pe"?[0m?[32m and password ?[0m?[32m?[1m"asdf12345"?[0m?[32m are entered?[0m           ?[90m# ohtu.Stepdefs.usernameAndPasswordAreEntered(java.lang.String,java.lang.String)?[0m
  ?[32mThen ?[0m?[32msystem will respond with ?[0m?[32m?[1m"new user not registered"?[0m           ?[90m# ohtu.Stepdefs.systemWillRespondWith(java.lang.String)?[0m

Scenario: creation fails with valid username and too short password ?[90m# src/test/resources/ohtu/new_user.feature:18?[0m
  ?[32mGiven ?[0m?[32mcommand new is selected?[0m                                     ?[90m# ohtu.Stepdefs.commandNewSelected()?[0m
  ?[32mWhen ?[0m?[32musername ?[0m?[32m?[1m"sampo"?[0m?[32m and password ?[0m?[32m?[1m"peppi1"?[0m?[32m are entered?[0m           ?[90m# ohtu.Stepdefs.usernameAndPasswordAreEntered(java.lang.String,java.lang.String)?[0m
  ?[32mThen ?[0m?[32msystem will respond with ?[0m?[32m?[1m"new user not registered"?[0m           ?[90m# ohtu.Stepdefs.systemWillRespondWith(java.lang.String)?[0m

Scenario: creation fails with valid username and password long enough but consisting of only letters ?[90m# src/test/resources/ohtu/new_user.feature:23?[0m
  ?[32mGiven ?[0m?[32mcommand new is selected?[0m                                                                      ?[90m# ohtu.Stepdefs.commandNewSelected()?[0m
  ?[32mWhen ?[0m?[32musername ?[0m?[32m?[1m"sampo"?[0m?[32m and password ?[0m?[32m?[1m"samponsalasana"?[0m?[32m are entered?[0m                                    ?[90m# ohtu.Stepdefs.usernameAndPasswordAreEntered(java.lang.String,java.lang.String)?[0m
  ?[32mThen ?[0m?[32msystem will respond with ?[0m?[32m?[1m"new user not registered"?[0m                                            ?[90m# ohtu.Stepdefs.systemWillRespondWith(java.lang.String)?[0m

Scenario: can login with successfully generated account     ?[90m# src/test/resources/ohtu/new_user.feature:28?[0m
  ?[32mGiven ?[0m?[32muser ?[0m?[32m?[1m"eero"?[0m?[32m with password ?[0m?[32m?[1m"salainen1"?[0m?[32m is created?[0m    ?[90m# ohtu.Stepdefs.userIsCreated(java.lang.String,java.lang.String)?[0m
  ?[32mAnd ?[0m?[32mcommand login is selected?[0m                             ?[90m# ohtu.Stepdefs.commandLoginSelected()?[0m
  ?[32mWhen ?[0m?[32musername ?[0m?[32m?[1m"eero"?[0m?[32m and password ?[0m?[32m?[1m"salainen1"?[0m?[32m are entered?[0m ?[90m# ohtu.Stepdefs.usernameAndPasswordAreEntered(java.lang.String,java.lang.String)?[0m
  ?[32mThen ?[0m?[32msystem will respond with ?[0m?[32m?[1m"logged in"?[0m                 ?[90m# ohtu.Stepdefs.systemWillRespondWith(java.lang.String)?[0m
]]></system-out>
  <system-err><![CDATA[]]></system-err>
</testsuite>
